


ARM Macro Assembler    Page 1 


    1 00000000                 AREA             RESET, DATA, READONLY
    2 00000000                 EXPORT           __Vectors
    3 00000000         __Vectors
    4 00000000 10001000        DCD              0x10001000
    5 00000004 00000000        DCD              Reset_Handler
    6 00000008                 ALIGN
    7 00000008         
    8 00000008                 AREA             mycode, CODE, READONLY
    9 00000000                 ENTRY
   10 00000000                 EXPORT           Reset_Handler
   11 00000000         Reset_Handler
   12 00000000 481F            LDR              R0, = SRC   ; R0 has input 
   13 00000002 4920            LDR              R1, = DST
   14 00000004 F04F 0600       MOV              R6, #0      ; count
   15 00000008 F04F 090A       MOV              R9, #10     ; has 10 iterator
   16 0000000C 6802    Lp      LDR              R2, [R0]    ; R2 has the first 
                                                            value in R0
   17 0000000E F04F 0302       MOV              R3,#2       ; starting with 2
   18 00000012 EA4F 0852       LSR              R8, R2, #1  ; LSR has n/2
   19 00000016 2A02            CMP              R2, #2      ; comparing with 2.
                                                            .
   20 00000018 D80D            BHI              Check_Prime ; if > 2 go to prim
                                                            e
   21 0000001A 2A02            CMP              R2, #2      ; comparing with 2.
                                                            .
   22 0000001C D018            BEQ              COUNT       ; if equal add coun
                                                            t
   23 0000001E F100 0004 
                       UP      ADD              R0,#4       ; moving to next ad
                                                            dress 
   24 00000022 F1A9 0901       SUB              R9,#1       ; iterator count su
                                                            b by 1
   25 00000026 F1B9 0F00       CMP              R9,#0       ; if 0
   26 0000002A D002            BEQ              Finish      ; yes-> finish
   27 0000002C F1B9 0F00       CMP              R9,#0       ; if 0
   28 00000030 D8EC            BHI              Lp          ; if greater move t
                                                            o next number
   29 00000032 600E    Finish  STR              R6, [R1]    ; store 
   30 00000034 E7FE    Stop    B                Stop
   31 00000036         ;COUNT ADD R6, #1
   32 00000036 6802    Check_Prime
                               LDR              R2, [R0]    ; loading r2 value 
                                                            again incase we loo
                                                            se it
   33 00000038 4543            CMP              R3,R8       ; comparing to see 
                                                            it still can go on 
                                                            or not < n/2
   34 0000003A D009            BEQ              COUNT       ; if equal..just in
                                                            c count 
   35 0000003C EBA2 0203 
                       Ke1     SUB              R2, R3
   36 00000040 2A00            CMP              R2,#0
   37 00000042 D0EC            BEQ              UP
   38 00000044 2A00            CMP              R2,#0
   39 00000046 D400            BMI              S
   40 00000048 D5F8            BPL              Ke1         ; BHI ot working fo
                                                            r -ve number compar
                                                            ision
   41 0000004A F103 0301 



ARM Macro Assembler    Page 2 


                       S       ADD              R3,#1
   42 0000004E E7F2            B                Check_Prime
   43 00000050 F106 0601 
                       COUNT   ADD              R6,#1
   44 00000054 E7E3            B                UP
   45 00000056         
   46 00000056 00 00 0000000D 
              0000000C 
              0000000B 
              0000000A 
              00000008 
              00000005 
              00000002 
              00000003 
              00000004 
              00000005 SRC     DCD              13,12,11,10,8,5,2,3,4,5
   47 00000080         ;13,12 12 11 12 12 12 12 12 
   48 00000080 00000000 
              00000000         AREA             mydata, DATA, READWRITE
   49 00000000 00000000 
                       DST     DCD              0
   50 00000004                 END
Command Line: --debug --xref --cpu=Cortex-M3 --apcs=interwork --depend=.\prime.
d -o.\prime.o -IC:\Keil\ARM\RV31\INC -IC:\Keil\ARM\CMSIS\Include -IC:\Keil\ARM\
Inc\NXP\LPC17xx --predefine="__EVAL SETA 1" --list=.\prime.lst prime.s



ARM Macro Assembler    Page 1 Alphabetic symbol ordering
Relocatable symbols

RESET 00000000

Symbol: RESET
   Definitions
      At line 1 in file prime.s
   Uses
      None
Comment: RESET unused
__Vectors 00000000

Symbol: __Vectors
   Definitions
      At line 3 in file prime.s
   Uses
      At line 2 in file prime.s
Comment: __Vectors used once
2 symbols



ARM Macro Assembler    Page 1 Alphabetic symbol ordering
Relocatable symbols

COUNT 00000050

Symbol: COUNT
   Definitions
      At line 43 in file prime.s
   Uses
      At line 22 in file prime.s
      At line 34 in file prime.s

Check_Prime 00000036

Symbol: Check_Prime
   Definitions
      At line 32 in file prime.s
   Uses
      At line 20 in file prime.s
      At line 42 in file prime.s

Finish 00000032

Symbol: Finish
   Definitions
      At line 29 in file prime.s
   Uses
      At line 26 in file prime.s
Comment: Finish used once
Ke1 0000003C

Symbol: Ke1
   Definitions
      At line 35 in file prime.s
   Uses
      At line 40 in file prime.s
Comment: Ke1 used once
Lp 0000000C

Symbol: Lp
   Definitions
      At line 16 in file prime.s
   Uses
      At line 28 in file prime.s
Comment: Lp used once
Reset_Handler 00000000

Symbol: Reset_Handler
   Definitions
      At line 11 in file prime.s
   Uses
      At line 5 in file prime.s
      At line 10 in file prime.s

S 0000004A

Symbol: S
   Definitions
      At line 41 in file prime.s
   Uses
      At line 39 in file prime.s
Comment: S used once



ARM Macro Assembler    Page 2 Alphabetic symbol ordering
Relocatable symbols

SRC 00000058

Symbol: SRC
   Definitions
      At line 46 in file prime.s
   Uses
      At line 12 in file prime.s
Comment: SRC used once
Stop 00000034

Symbol: Stop
   Definitions
      At line 30 in file prime.s
   Uses
      At line 30 in file prime.s
Comment: Stop used once
UP 0000001E

Symbol: UP
   Definitions
      At line 23 in file prime.s
   Uses
      At line 37 in file prime.s
      At line 44 in file prime.s

mycode 00000000

Symbol: mycode
   Definitions
      At line 8 in file prime.s
   Uses
      None
Comment: mycode unused
11 symbols



ARM Macro Assembler    Page 1 Alphabetic symbol ordering
Relocatable symbols

DST 00000000

Symbol: DST
   Definitions
      At line 49 in file prime.s
   Uses
      At line 13 in file prime.s
Comment: DST used once
mydata 00000000

Symbol: mydata
   Definitions
      At line 48 in file prime.s
   Uses
      None
Comment: mydata unused
2 symbols
348 symbols in table
