


ARM Macro Assembler    Page 1 


    1 00000000                 AREA             RESET, DATA, READONLY
    2 00000000                 EXPORT           __Vectors
    3 00000000         
    4 00000000         __Vectors
    5 00000000 10001000        DCD              0x10001000  ;Stack Pointervalue
                                                             WBAC
    6 00000004 00000000        DCD              Reset_Handler ;reset vectors
    7 00000008                 ALIGN
    8 00000008                 AREA             mycode, CODE, READONLY
    9 00000000                 ENTRY
   10 00000000                 EXPORT           Reset_Handler
   11 00000000         Reset_Handler
   12 00000000 F04F 0108       MOV              R1,#8
   13 00000004 4A03            LDR              R2,=DST
   14 00000006 FB01 1301       MLA              R3,R1,R1,R1
   15 0000000A EA4F 0353       LSR              R3,R3,#1
   16 0000000E 6013            STR              R3,[R2]
   17 00000010 E7FE    STOP    B                STOP
   18 00000012 00 00 00000000  AREA             mydata, DATA, READWRITE
   19 00000000 00000000 
                       DST     DCD              0
   20 00000004                 END
Command Line: --debug --xref --cpu=Cortex-M3 --apcs=interwork --depend=.\add_n.
d -o.\add_n.o -IC:\Keil\ARM\RV31\INC -IC:\Keil\ARM\CMSIS\Include -IC:\Keil\ARM\
Inc\NXP\LPC17xx --predefine="__EVAL SETA 1" --list=.\add_n.lst add_n.s



ARM Macro Assembler    Page 1 Alphabetic symbol ordering
Relocatable symbols

RESET 00000000

Symbol: RESET
   Definitions
      At line 1 in file add_n.s
   Uses
      None
Comment: RESET unused
__Vectors 00000000

Symbol: __Vectors
   Definitions
      At line 4 in file add_n.s
   Uses
      At line 2 in file add_n.s
Comment: __Vectors used once
2 symbols



ARM Macro Assembler    Page 1 Alphabetic symbol ordering
Relocatable symbols

Reset_Handler 00000000

Symbol: Reset_Handler
   Definitions
      At line 11 in file add_n.s
   Uses
      At line 6 in file add_n.s
      At line 10 in file add_n.s

STOP 00000010

Symbol: STOP
   Definitions
      At line 17 in file add_n.s
   Uses
      At line 17 in file add_n.s
Comment: STOP used once
mycode 00000000

Symbol: mycode
   Definitions
      At line 8 in file add_n.s
   Uses
      None
Comment: mycode unused
3 symbols



ARM Macro Assembler    Page 1 Alphabetic symbol ordering
Relocatable symbols

DST 00000000

Symbol: DST
   Definitions
      At line 19 in file add_n.s
   Uses
      At line 13 in file add_n.s
Comment: DST used once
mydata 00000000

Symbol: mydata
   Definitions
      At line 18 in file add_n.s
   Uses
      None
Comment: mydata unused
2 symbols
340 symbols in table
