


ARM Macro Assembler    Page 1 


    1 00000000                 AREA             RESET, DATA, READONLY
    2 00000000                 EXPORT           __Vectors
    3 00000000         
    4 00000000         __Vectors
    5 00000000 10001000        DCD              0x10001000  ;Stack Pointervalue
                                                             WBAC
    6 00000004 00000000        DCD              Reset_Handler ;reset vectors
    7 00000008                 ALIGN
    8 00000008                 AREA             mycode, CODE, READONLY
    9 00000000                 ENTRY
   10 00000000                 EXPORT           Reset_Handler
   11 00000000         Reset_Handler
   12 00000000 4810            LDR              R0,=SRC
   13 00000002 4911            LDR              R1,=DST
   14 00000004 F04F 0300       MOV              R3,#0x0
   15 00000008 F04F 0508       MOV              R5,#8       ;counter 
   16 0000000C F850 2B04 
                       UP      LDR              R2,[R0],#4
   17 00000010 EA4F 1333       ROR              R3,R3,#4
   18 00000014 4413            ADD              R3, R2, R3
   19 00000016 3D01            SUBS             R5,#1
   20 00000018 D1F8            BNE              UP
   21 0000001A EA4F 1333       ROR              R3,R3,#4
   22 0000001E 600B            STR              R3, [R1]
   23 00000020 E7FE    STOP    B                STOP
   24 00000022 00 00 00000008 
              00000007 
              00000006 
              00000005 
              00000004 
              00000003 
              00000002 
              00000001 SRC     DCD              0x00000008, 0x00000007, 0x00000
006, 0x00000005, 0x00000004, 0x00000003, 0x00000002, 0x00000001
   25 00000044 00000000 
              00000000         AREA             mydata, DATA, READWRITE
   26 00000000 00000000 
                       DST     DCD              0
   27 00000004                 END
Command Line: --debug --xref --cpu=Cortex-M3 --apcs=interwork --depend=.\pack.d
 -o.\pack.o -IC:\Keil\ARM\RV31\INC -IC:\Keil\ARM\CMSIS\Include -IC:\Keil\ARM\In
c\NXP\LPC17xx --predefine="__EVAL SETA 1" --list=.\pack.lst pack.s



ARM Macro Assembler    Page 1 Alphabetic symbol ordering
Relocatable symbols

RESET 00000000

Symbol: RESET
   Definitions
      At line 1 in file pack.s
   Uses
      None
Comment: RESET unused
__Vectors 00000000

Symbol: __Vectors
   Definitions
      At line 4 in file pack.s
   Uses
      At line 2 in file pack.s
Comment: __Vectors used once
2 symbols



ARM Macro Assembler    Page 1 Alphabetic symbol ordering
Relocatable symbols

Reset_Handler 00000000

Symbol: Reset_Handler
   Definitions
      At line 11 in file pack.s
   Uses
      At line 6 in file pack.s
      At line 10 in file pack.s

SRC 00000024

Symbol: SRC
   Definitions
      At line 24 in file pack.s
   Uses
      At line 12 in file pack.s
Comment: SRC used once
STOP 00000020

Symbol: STOP
   Definitions
      At line 23 in file pack.s
   Uses
      At line 23 in file pack.s
Comment: STOP used once
UP 0000000C

Symbol: UP
   Definitions
      At line 16 in file pack.s
   Uses
      At line 20 in file pack.s
Comment: UP used once
mycode 00000000

Symbol: mycode
   Definitions
      At line 8 in file pack.s
   Uses
      None
Comment: mycode unused
5 symbols



ARM Macro Assembler    Page 1 Alphabetic symbol ordering
Relocatable symbols

DST 00000000

Symbol: DST
   Definitions
      At line 26 in file pack.s
   Uses
      At line 13 in file pack.s
Comment: DST used once
mydata 00000000

Symbol: mydata
   Definitions
      At line 25 in file pack.s
   Uses
      None
Comment: mydata unused
2 symbols
342 symbols in table
