


ARM Macro Assembler    Page 1 


    1 00000000                 AREA             RESET, DATA, READONLY
    2 00000000                 EXPORT           __Vectors
    3 00000000         
    4 00000000         __Vectors
    5 00000000 10001000        DCD              0x10001000  ;Stack Pointervalue
                                                             WBAC
    6 00000004 00000000        DCD              Reset_Handler ;reset vectors
    7 00000008                 ALIGN
    8 00000008                 AREA             mycode, CODE, READONLY
    9 00000000                 ENTRY
   10 00000000                 EXPORT           Reset_Handler
   11 00000000         Reset_Handler
   12 00000000 481B            LDR              R0,=SRC1
   13 00000002 491C            LDR              R1,=SRC2
   14 00000004 4B1C            LDR              R3,=DST
   15 00000006 F04F 0208       MOV              R2,#8
   16 0000000A F04F 5700       LDR              R7,=0x20000000
   17 0000000E F387 8803       MSR              xPSR,R7
   18 00000012 F850 4B04 
                       UP      LDR              R4,[R0],#4
   19 00000016 F851 5B04       LDR              R5,[R1],#4
   20 0000001A EB74 0605       SBCS             R6,R4,R5
   21 0000001E F843 6B04       STR              R6,[R3],#4
   22 00000022 F1A2 0201       SUB              R2,#1
   23 00000026 F092 0F00       TEQ              R2, #0      ; Test equality
   24 0000002A D1F2            BNE              UP
   25 0000002C E7FE    STOP    B                STOP
   26 0000002E 00 00 12345677 
              12345678 
              12345678 
              12345678 
              12345678 
              12345678 
              12345678 
              12345678 SRC1    DCD              0x12345677, 0x12345678, 0x12345
678, 0x12345678, 0x12345678, 0x12345678, 0x12345678, 0x12345678
   27 00000050 12345678 
              12345678 
              12345678 
              12345678 
              12345678 
              12345678 
              12345678 
              ABCDEF12 SRC2    DCD              0x12345678, 0x12345678, 0x12345
678, 0x12345678, 0x12345678, 0x12345678, 0x12345678, 0xABCDEF12
   28 00000070 00000000 
              00000000 
              00000000         AREA             mydata, DATA, READWRITE
   29 00000000 00000000 
              00000000 
              00000000 
              00000000 
              00000000 
              00000000 
              00000000 
              00000000 DST     DCD              0,0,0,0,0,0,0,0
   30 00000020                 END
Command Line: --debug --xref --cpu=Cortex-M3 --apcs=interwork --depend=.\sub_25
6.d -o.\sub_256.o -IC:\Keil\ARM\RV31\INC -IC:\Keil\ARM\CMSIS\Include -IC:\Keil\



ARM Macro Assembler    Page 2 


ARM\Inc\NXP\LPC17xx --predefine="__EVAL SETA 1" --list=.\sub_256.lst sub_256.s



ARM Macro Assembler    Page 1 Alphabetic symbol ordering
Relocatable symbols

RESET 00000000

Symbol: RESET
   Definitions
      At line 1 in file sub_256.s
   Uses
      None
Comment: RESET unused
__Vectors 00000000

Symbol: __Vectors
   Definitions
      At line 4 in file sub_256.s
   Uses
      At line 2 in file sub_256.s
Comment: __Vectors used once
2 symbols



ARM Macro Assembler    Page 1 Alphabetic symbol ordering
Relocatable symbols

Reset_Handler 00000000

Symbol: Reset_Handler
   Definitions
      At line 11 in file sub_256.s
   Uses
      At line 6 in file sub_256.s
      At line 10 in file sub_256.s

SRC1 00000030

Symbol: SRC1
   Definitions
      At line 26 in file sub_256.s
   Uses
      At line 12 in file sub_256.s
Comment: SRC1 used once
SRC2 00000050

Symbol: SRC2
   Definitions
      At line 27 in file sub_256.s
   Uses
      At line 13 in file sub_256.s
Comment: SRC2 used once
STOP 0000002C

Symbol: STOP
   Definitions
      At line 25 in file sub_256.s
   Uses
      At line 25 in file sub_256.s
Comment: STOP used once
UP 00000012

Symbol: UP
   Definitions
      At line 18 in file sub_256.s
   Uses
      At line 24 in file sub_256.s
Comment: UP used once
mycode 00000000

Symbol: mycode
   Definitions
      At line 8 in file sub_256.s
   Uses
      None
Comment: mycode unused
6 symbols



ARM Macro Assembler    Page 1 Alphabetic symbol ordering
Relocatable symbols

DST 00000000

Symbol: DST
   Definitions
      At line 29 in file sub_256.s
   Uses
      At line 14 in file sub_256.s
Comment: DST used once
mydata 00000000

Symbol: mydata
   Definitions
      At line 28 in file sub_256.s
   Uses
      None
Comment: mydata unused
2 symbols
343 symbols in table
