


ARM Macro Assembler    Page 1 


    1 00000000                 AREA             RESET, DATA, READONLY
    2 00000000                 EXPORT           __Vectors
    3 00000000         
    4 00000000         __Vectors
    5 00000000 10001000        DCD              0x10001000  ;Stack Pointervalue
                                                             WBAC
    6 00000004 00000000        DCD              Reset_Handler ;reset vectors
    7 00000008                 ALIGN
    8 00000008                 AREA             mycode, CODE, READONLY
    9 00000000                 ENTRY
   10 00000000                 EXPORT           Reset_Handler
   11 00000000         Reset_Handler
   12 00000000 F04F 0028       MOV              R0,#40
   13 00000004 F04F 0100       MOV              R1,#0
   14 00000008 F04F 0201       MOV              R2,#1
   15 0000000C 4C09            LDR              R4,=DST
   16 0000000E F844 1B04       STR              R1,[R4],#4
   17 00000012 B500            PUSH             {R14}
   18 00000014 F000 F801       BL               FIBO
   19 00000018 E7FE    STOP    B                STOP
   20 0000001A         
   21 0000001A         FIBO
   22 0000001A EB01 0302       ADD              R3,R1,R2
   23 0000001E 4611            MOV              R1,R2
   24 00000020 461A            MOV              R2,R3
   25 00000022 F844 1B04       STR              R1,[R4],#4
   26 00000026 4283            CMP              R3,R0
   27 00000028 D801            BHI              RETURN
   28 0000002A F7FF FFF6       BL               FIBO
   29 0000002E         
   30 0000002E         RETURN
   31 0000002E F85D EB04       POP              {R14}
   32 00000032 4770            BX               LR
   33 00000034         
   34 00000034 00000000        AREA             mydata, DATA, READWRITE
   35 00000000 00000000 
                       DST     DCD              0
   36 00000004                 END
Command Line: --debug --xref --cpu=Cortex-M3 --apcs=interwork --depend=.\fibo.d
 -o.\fibo.o -IC:\Keil\ARM\RV31\INC -IC:\Keil\ARM\CMSIS\Include -IC:\Keil\ARM\In
c\NXP\LPC17xx --predefine="__EVAL SETA 1" --list=.\fibo.lst fibo.s



ARM Macro Assembler    Page 1 Alphabetic symbol ordering
Relocatable symbols

RESET 00000000

Symbol: RESET
   Definitions
      At line 1 in file fibo.s
   Uses
      None
Comment: RESET unused
__Vectors 00000000

Symbol: __Vectors
   Definitions
      At line 4 in file fibo.s
   Uses
      At line 2 in file fibo.s
Comment: __Vectors used once
2 symbols



ARM Macro Assembler    Page 1 Alphabetic symbol ordering
Relocatable symbols

FIBO 0000001A

Symbol: FIBO
   Definitions
      At line 21 in file fibo.s
   Uses
      At line 18 in file fibo.s
      At line 28 in file fibo.s

RETURN 0000002E

Symbol: RETURN
   Definitions
      At line 30 in file fibo.s
   Uses
      At line 27 in file fibo.s
Comment: RETURN used once
Reset_Handler 00000000

Symbol: Reset_Handler
   Definitions
      At line 11 in file fibo.s
   Uses
      At line 6 in file fibo.s
      At line 10 in file fibo.s

STOP 00000018

Symbol: STOP
   Definitions
      At line 19 in file fibo.s
   Uses
      At line 19 in file fibo.s
Comment: STOP used once
mycode 00000000

Symbol: mycode
   Definitions
      At line 8 in file fibo.s
   Uses
      None
Comment: mycode unused
5 symbols



ARM Macro Assembler    Page 1 Alphabetic symbol ordering
Relocatable symbols

DST 00000000

Symbol: DST
   Definitions
      At line 35 in file fibo.s
   Uses
      At line 15 in file fibo.s
Comment: DST used once
mydata 00000000

Symbol: mydata
   Definitions
      At line 34 in file fibo.s
   Uses
      None
Comment: mydata unused
2 symbols
342 symbols in table
