


ARM Macro Assembler    Page 1 


    1 00000000                 AREA             RESET, DATA, READONLY
    2 00000000                 EXPORT           __Vectors
    3 00000000         
    4 00000000         __Vectors
    5 00000000 10001000        DCD              0x10001000  ;Stack Pointervalue
                                                             WBAC
    6 00000004 00000000        DCD              Reset_Handler ;reset vectors
    7 00000008                 ALIGN
    8 00000008                 AREA             mycode, CODE, READONLY
    9 00000000                 ENTRY
   10 00000000                 EXPORT           Reset_Handler
   11 00000000         Reset_Handler
   12 00000000 480C            LDR              R0,=ARR
   13 00000002 F04F 0803       MOV              R8,#3       ; Number of passes 
                                                            through the array
   14 00000006         UP1
   15 00000006 4647            MOV              R7,R8       ; Number of compari
                                                            sons per pass
   16 00000008 4601            MOV              R1,R0       ; address of arr 
   17 0000000A         UP2
   18 0000000A 6802            LDR              R2,[R0]     ; pick element
   19 0000000C F851 3F04       LDR              R3,[R1,#4]! ; take next number
   20 00000010 429A            CMP              R2, R3      ; compare selected 
                                                            and next
   21 00000012 D901            BLS              SKIP        ; Branch if R2<R3
   22 00000014 600A            STR              R2,[R1]     ;swap
   23 00000016 6003            STR              R3,[R0]
   24 00000018         SKIP
   25 00000018 F1A7 0701       SUB              R7,#1       ; decrement no. of 
                                                            comparisons
   26 0000001C F097 0F00       TEQ              R7,#0       ; check if no. of p
                                                            asses completed
   27 00000020 D1F3            BNE              UP2
   28 00000022         
   29 00000022 F100 0004       ADD              R0,#4       ; next element
   30 00000026 F1A8 0801       SUB              R8, #1      ; decrement no.of p
                                                            asses
   31 0000002A F098 0F00       TEQ              R8,#0
   32 0000002E D1EA            BNE              UP1
   33 00000030         
   34 00000030 E7FE    STOP    B                STOP
   35 00000032 00 00 00000000  AREA             mydata, DATA, READWRITE
   36 00000000 00000000 
              00000000 
              00000000 
              00000000 ARR     DCD              0,0,0,0
   37 00000010                 END
Command Line: --debug --xref --cpu=Cortex-M3 --apcs=interwork --depend=selectio
n_sort.d -oselection_sort.o -IC:\Keil\ARM\RV31\INC -IC:\Keil\ARM\CMSIS\Include 
-IC:\Keil\ARM\Inc\NXP\LPC17xx --predefine="__EVAL SETA 1" --list=selection_sort
.lst selection_sort.s



ARM Macro Assembler    Page 1 Alphabetic symbol ordering
Relocatable symbols

RESET 00000000

Symbol: RESET
   Definitions
      At line 1 in file selection_sort.s
   Uses
      None
Comment: RESET unused
__Vectors 00000000

Symbol: __Vectors
   Definitions
      At line 4 in file selection_sort.s
   Uses
      At line 2 in file selection_sort.s
Comment: __Vectors used once
2 symbols



ARM Macro Assembler    Page 1 Alphabetic symbol ordering
Relocatable symbols

Reset_Handler 00000000

Symbol: Reset_Handler
   Definitions
      At line 11 in file selection_sort.s
   Uses
      At line 6 in file selection_sort.s
      At line 10 in file selection_sort.s

SKIP 00000018

Symbol: SKIP
   Definitions
      At line 24 in file selection_sort.s
   Uses
      At line 21 in file selection_sort.s
Comment: SKIP used once
STOP 00000030

Symbol: STOP
   Definitions
      At line 34 in file selection_sort.s
   Uses
      At line 34 in file selection_sort.s
Comment: STOP used once
UP1 00000006

Symbol: UP1
   Definitions
      At line 14 in file selection_sort.s
   Uses
      At line 32 in file selection_sort.s
Comment: UP1 used once
UP2 0000000A

Symbol: UP2
   Definitions
      At line 17 in file selection_sort.s
   Uses
      At line 27 in file selection_sort.s
Comment: UP2 used once
mycode 00000000

Symbol: mycode
   Definitions
      At line 8 in file selection_sort.s
   Uses
      None
Comment: mycode unused
6 symbols



ARM Macro Assembler    Page 1 Alphabetic symbol ordering
Relocatable symbols

ARR 00000000

Symbol: ARR
   Definitions
      At line 36 in file selection_sort.s
   Uses
      At line 12 in file selection_sort.s
Comment: ARR used once
mydata 00000000

Symbol: mydata
   Definitions
      At line 35 in file selection_sort.s
   Uses
      None
Comment: mydata unused
2 symbols
343 symbols in table
