


ARM Macro Assembler    Page 1 


    1 00000000                 AREA             RESET, DATA, READONLY
    2 00000000                 EXPORT           __Vectors
    3 00000000         
    4 00000000         __Vectors
    5 00000000 10001000        DCD              0x10001000  ;Stack Pointervalue
                                                             WBAC
    6 00000004 00000000        DCD              Reset_Handler ;reset vectors
    7 00000008                 ALIGN
    8 00000008                 AREA             mycode, CODE, READONLY
    9 00000000                 ENTRY
   10 00000000                 EXPORT           Reset_Handler
   11 00000000         Reset_Handler
   12 00000000 480A            LDR              R0,=SRC
   13 00000002 490B            LDR              R1,=DST
   14 00000004 F04F 0304       MOV              R3,#4
   15 00000008 F850 2B04 
                       UP      LDR              R2,[R0],#4
   16 0000000C 18A4            ADDS             R4,R4,R2
   17 0000000E F145 0500       ADC              R5,R5,#0
   18 00000012 3B01            SUBS             R3,#01
   19 00000014 D1F8            BNE              UP
   20 00000016 600D            STR              R5,[R1]
   21 00000018 604C            STR              R4,[R1,#4]
   22 0000001A E7FE    STOP    B                STOP
   23 0000001C F0000000 
              F0000000 
              F0000000 
              F0000000 SRC     DCD              0xF0000000,0xF0000000,0xF000000
0,0xF0000000
   24 0000002C 00000000 
              00000000         AREA             mydata, DATA, READWRITE
   25 00000000 00000000 
              00000000 
              00000000 DST     DCD              0,0,0
   26 0000000C                 END
Command Line: --debug --xref --cpu=Cortex-M3 --apcs=interwork --depend=.\adress
ing.d -o.\adressing.o -IC:\Keil\ARM\RV31\INC -IC:\Keil\ARM\CMSIS\Include -IC:\K
eil\ARM\Inc\NXP\LPC17xx --predefine="__EVAL SETA 1" --list=.\adressing.lst Adre
ssing.s



ARM Macro Assembler    Page 1 Alphabetic symbol ordering
Relocatable symbols

RESET 00000000

Symbol: RESET
   Definitions
      At line 1 in file Adressing.s
   Uses
      None
Comment: RESET unused
__Vectors 00000000

Symbol: __Vectors
   Definitions
      At line 4 in file Adressing.s
   Uses
      At line 2 in file Adressing.s
Comment: __Vectors used once
2 symbols



ARM Macro Assembler    Page 1 Alphabetic symbol ordering
Relocatable symbols

Reset_Handler 00000000

Symbol: Reset_Handler
   Definitions
      At line 11 in file Adressing.s
   Uses
      At line 6 in file Adressing.s
      At line 10 in file Adressing.s

SRC 0000001C

Symbol: SRC
   Definitions
      At line 23 in file Adressing.s
   Uses
      At line 12 in file Adressing.s
Comment: SRC used once
STOP 0000001A

Symbol: STOP
   Definitions
      At line 22 in file Adressing.s
   Uses
      At line 22 in file Adressing.s
Comment: STOP used once
UP 00000008

Symbol: UP
   Definitions
      At line 15 in file Adressing.s
   Uses
      At line 19 in file Adressing.s
Comment: UP used once
mycode 00000000

Symbol: mycode
   Definitions
      At line 8 in file Adressing.s
   Uses
      None
Comment: mycode unused
5 symbols



ARM Macro Assembler    Page 1 Alphabetic symbol ordering
Relocatable symbols

DST 00000000

Symbol: DST
   Definitions
      At line 25 in file Adressing.s
   Uses
      At line 13 in file Adressing.s
Comment: DST used once
mydata 00000000

Symbol: mydata
   Definitions
      At line 24 in file Adressing.s
   Uses
      None
Comment: mydata unused
2 symbols
342 symbols in table
