


ARM Macro Assembler    Page 1 


    1 00000000                 AREA             RESET, DATA, READONLY
    2 00000000                 EXPORT           __Vectors
    3 00000000         __Vectors
    4 00000000 10001000        DCD              0x10001000  ; Stack Pointervalu
                                                            e when stack is emp
                                                            ty
    5 00000004 00000000        DCD              Reset_Handler ; reset vectors
    6 00000008                 ALIGN
    7 00000008                 AREA             mycode, CODE, READONLY 
                                                            ; point to ROM
    8 00000000                 ENTRY
    9 00000000                 EXPORT           Reset_Handler
   10 00000000         Reset_Handler
   11 00000000 4807            LDR              R0,=SRC     ; points to SRC arr
                                                            ay
   12 00000002 4908            LDR              R1,=DST     ; points to DST arr
                                                            ay
   13 00000004 6802            LDR              R2,[R0]     ; take first value 
                                                            of SRC and put in t
                                                            emporary variable
   14 00000006 600A            STR              R2,[R1]     ; !IMP: source and 
                                                            dest is reversed in
                                                             this instruction s
                                                            o we copy value int
                                                            o location pointed 
                                                            by R1,i.e. DST
   15 00000008 6842            LDR              R2,[R0,#4]
   16 0000000A 604A            STR              R2,[R1,#4]
   17 0000000C 6882            LDR              R2,[R0,#8]
   18 0000000E 608A            STR              R2,[R1,#8]
   19 00000010         STOP
   20 00000010 E7FE            B                STOP
   21 00000012 0000000A 
                       NUM     EQU              10
   22 00000012 00 00 00000008 
              12345678 
              ABCDEF1A SRC     DCD              8,0x12345678,0xABCDEF1A
   23 00000020 00000000 
              00000000         AREA             mydata, DATA ,READWRITE ; point
                                                             to RAM so that DST
                                                             is now a writable 
                                                            array
   24 00000000 00000000 
                       DST     DCD              0
   25 00000004                 END
Command Line: --debug --xref --cpu=Cortex-M3 --apcs=interwork --depend=lab1_3.d
 -olab1_3.o -IC:\Keil\ARM\RV31\INC -IC:\Keil\ARM\CMSIS\Include -IC:\Keil\ARM\In
c\NXP\LPC17xx --predefine="__EVAL SETA 1" --list=lab1_3.lst lab1_3.s



ARM Macro Assembler    Page 1 Alphabetic symbol ordering
Relocatable symbols

RESET 00000000

Symbol: RESET
   Definitions
      At line 1 in file lab1_3.s
   Uses
      None
Comment: RESET unused
__Vectors 00000000

Symbol: __Vectors
   Definitions
      At line 3 in file lab1_3.s
   Uses
      At line 2 in file lab1_3.s
Comment: __Vectors used once
2 symbols



ARM Macro Assembler    Page 1 Alphabetic symbol ordering
Relocatable symbols

Reset_Handler 00000000

Symbol: Reset_Handler
   Definitions
      At line 10 in file lab1_3.s
   Uses
      At line 5 in file lab1_3.s
      At line 9 in file lab1_3.s

SRC 00000014

Symbol: SRC
   Definitions
      At line 22 in file lab1_3.s
   Uses
      At line 11 in file lab1_3.s
Comment: SRC used once
STOP 00000010

Symbol: STOP
   Definitions
      At line 19 in file lab1_3.s
   Uses
      At line 20 in file lab1_3.s
Comment: STOP used once
mycode 00000000

Symbol: mycode
   Definitions
      At line 7 in file lab1_3.s
   Uses
      None
Comment: mycode unused
4 symbols



ARM Macro Assembler    Page 1 Alphabetic symbol ordering
Relocatable symbols

DST 00000000

Symbol: DST
   Definitions
      At line 24 in file lab1_3.s
   Uses
      At line 12 in file lab1_3.s
Comment: DST used once
mydata 00000000

Symbol: mydata
   Definitions
      At line 23 in file lab1_3.s
   Uses
      None
Comment: mydata unused
2 symbols



ARM Macro Assembler    Page 1 Alphabetic symbol ordering
Absolute symbols

NUM 0000000A

Symbol: NUM
   Definitions
      At line 21 in file lab1_3.s
   Uses
      None
Comment: NUM unused
1 symbol
342 symbols in table
