


ARM Macro Assembler    Page 1 


    1 00000000                 AREA             RESET, DATA, READONLY
    2 00000000                 EXPORT           __Vectors
    3 00000000         
    4 00000000         __Vectors
    5 00000000 10001000        DCD              0x10001000  ;Stack Pointervalue
                                                             WBAC
    6 00000004 00000000        DCD              Reset_Handler ;reset vectors
    7 00000008                 ALIGN
    8 00000008                 AREA             mycode, CODE, READONLY
    9 00000000                 ENTRY
   10 00000000                 EXPORT           Reset_Handler
   11 00000000         Reset_Handler
   12 00000000 4810            LDR              R0,=HEX
   13 00000002 4A11            LDR              R2,=BCD
   14 00000004 F04F 0500       MOV              R5,#0
   15 00000008 F04F 0720       MOV              R7,#32
   16 0000000C 6801            LDR              R1,[R0]
   17 0000000E         UP2
   18 0000000E F000 F806       BL               DIVIDE
   19 00000012 2900            CMP              R1,#0
   20 00000014 D1FB            BNE              UP2
   21 00000016 FA25 F507       LSR              R5,R7
   22 0000001A 6015            STR              R5,[R2]
   23 0000001C         STOP
   24 0000001C E7FE            B                STOP
   25 0000001E         DIVIDE
   26 0000001E F04F 0300       MOV              R3,#0
   27 00000022         UP1
   28 00000022 290A            CMP              R1,#0x0A
   29 00000024 D304            BLO              DOWN
   30 00000026 F1A1 010A       SUB              R1,#0x0A
   31 0000002A F103 0301       ADD              R3,#1
   32 0000002E E7F8            B                UP1
   33 00000030         DOWN
   34 00000030 EA45 0501       ORR              R5,R1
   35 00000034 EA4F 1535       ROR              R5,#4
   36 00000038 4619            MOV              R1,R3
   37 0000003A F1A7 0704       SUB              R7,#4
   38 0000003E 4770            BX               LR
   39 00000040 000000FF 
                       HEX     DCD              0x000000FF
   40 00000044 00000000 
              00000000         AREA             mydata, DATA, READWRITE
   41 00000000 00000000 
                       BCD     DCD              0
   42 00000004                 END
Command Line: --debug --xref --cpu=Cortex-M3 --apcs=interwork --depend=.\hex_bc
d.d -o.\hex_bcd.o -IC:\Keil\ARM\RV31\INC -IC:\Keil\ARM\CMSIS\Include -IC:\Keil\
ARM\Inc\NXP\LPC17xx --predefine="__EVAL SETA 1" --list=.\hex_bcd.lst hex_bcd.s



ARM Macro Assembler    Page 1 Alphabetic symbol ordering
Relocatable symbols

RESET 00000000

Symbol: RESET
   Definitions
      At line 1 in file hex_bcd.s
   Uses
      None
Comment: RESET unused
__Vectors 00000000

Symbol: __Vectors
   Definitions
      At line 4 in file hex_bcd.s
   Uses
      At line 2 in file hex_bcd.s
Comment: __Vectors used once
2 symbols



ARM Macro Assembler    Page 1 Alphabetic symbol ordering
Relocatable symbols

DIVIDE 0000001E

Symbol: DIVIDE
   Definitions
      At line 25 in file hex_bcd.s
   Uses
      At line 18 in file hex_bcd.s
Comment: DIVIDE used once
DOWN 00000030

Symbol: DOWN
   Definitions
      At line 33 in file hex_bcd.s
   Uses
      At line 29 in file hex_bcd.s
Comment: DOWN used once
HEX 00000040

Symbol: HEX
   Definitions
      At line 39 in file hex_bcd.s
   Uses
      At line 12 in file hex_bcd.s
Comment: HEX used once
Reset_Handler 00000000

Symbol: Reset_Handler
   Definitions
      At line 11 in file hex_bcd.s
   Uses
      At line 6 in file hex_bcd.s
      At line 10 in file hex_bcd.s

STOP 0000001C

Symbol: STOP
   Definitions
      At line 23 in file hex_bcd.s
   Uses
      At line 24 in file hex_bcd.s
Comment: STOP used once
UP1 00000022

Symbol: UP1
   Definitions
      At line 27 in file hex_bcd.s
   Uses
      At line 32 in file hex_bcd.s
Comment: UP1 used once
UP2 0000000E

Symbol: UP2
   Definitions
      At line 17 in file hex_bcd.s
   Uses
      At line 20 in file hex_bcd.s
Comment: UP2 used once
mycode 00000000




ARM Macro Assembler    Page 2 Alphabetic symbol ordering
Relocatable symbols

Symbol: mycode
   Definitions
      At line 8 in file hex_bcd.s
   Uses
      None
Comment: mycode unused
8 symbols



ARM Macro Assembler    Page 1 Alphabetic symbol ordering
Relocatable symbols

BCD 00000000

Symbol: BCD
   Definitions
      At line 41 in file hex_bcd.s
   Uses
      At line 13 in file hex_bcd.s
Comment: BCD used once
mydata 00000000

Symbol: mydata
   Definitions
      At line 40 in file hex_bcd.s
   Uses
      None
Comment: mydata unused
2 symbols
345 symbols in table
